(0.000) SELECT "django_session"."session_key", "django_session"."session_data", "django_session"."expire_date" FROM "django_session" WHERE ("django_session"."expire_date" > '2022-08-31 10:48:33.362319' AND "django_session"."session_key" = 'qse067qgufmjrijqqzzz7h7ox3whlbfs') LIMIT 21; args=('2022-08-31 10:48:33.362319', 'qse067qgufmjrijqqzzz7h7ox3whlbfs')
(0.000) SELECT "auth_user"."id", "auth_user"."password", "auth_user"."last_login", "auth_user"."is_superuser", "auth_user"."username", "auth_user"."first_name", "auth_user"."last_name", "auth_user"."email", "auth_user"."is_staff", "auth_user"."is_active", "auth_user"."date_joined" FROM "auth_user" WHERE "auth_user"."id" = 2 LIMIT 21; args=(2,)
"POST /upload/ HTTP/1.1" 302 0
(0.000) SELECT "django_session"."session_key", "django_session"."session_data", "django_session"."expire_date" FROM "django_session" WHERE ("django_session"."expire_date" > '2022-08-31 10:48:33.423625' AND "django_session"."session_key" = 'qse067qgufmjrijqqzzz7h7ox3whlbfs') LIMIT 21; args=('2022-08-31 10:48:33.423625', 'qse067qgufmjrijqqzzz7h7ox3whlbfs')
(0.000) SELECT "auth_user"."id", "auth_user"."password", "auth_user"."last_login", "auth_user"."is_superuser", "auth_user"."username", "auth_user"."first_name", "auth_user"."last_name", "auth_user"."email", "auth_user"."is_staff", "auth_user"."is_active", "auth_user"."date_joined" FROM "auth_user" WHERE "auth_user"."id" = 2 LIMIT 21; args=(2,)
Exception while resolving variable 'form' in template 'eda.html'.
Traceback (most recent call last):
  File "D:\Anaconda3\envs\ml_playground\lib\site-packages\django\template\base.py", line 829, in _resolve_lookup
    current = current[bit]
  File "D:\Anaconda3\envs\ml_playground\lib\site-packages\django\template\context.py", line 83, in __getitem__
    raise KeyError(key)
KeyError: 'form'

During handling of the above exception, another exception occurred:

Traceback (most recent call last):
  File "D:\Anaconda3\envs\ml_playground\lib\site-packages\django\template\base.py", line 835, in _resolve_lookup
    if isinstance(current, BaseContext) and getattr(type(current), bit):
AttributeError: type object 'RequestContext' has no attribute 'form'

During handling of the above exception, another exception occurred:

Traceback (most recent call last):
  File "D:\Anaconda3\envs\ml_playground\lib\site-packages\django\template\base.py", line 843, in _resolve_lookup
    current = current[int(bit)]
ValueError: invalid literal for int() with base 10: 'form'

During handling of the above exception, another exception occurred:

Traceback (most recent call last):
  File "D:\Anaconda3\envs\ml_playground\lib\site-packages\django\template\base.py", line 850, in _resolve_lookup
    (bit, current))  # missing attribute
django.template.base.VariableDoesNotExist: Failed lookup for key [form] in [{'True': True, 'False': False, 'None': None}, {'csrf_token': <SimpleLazyObject: <function csrf.<locals>._get_val at 0x000002166CF50A68>>, 'request': <WSGIRequest: GET '/eda/'>, 'user': <SimpleLazyObject: <User: ammar>>, 'perms': <django.contrib.auth.context_processors.PermWrapper object at 0x000002166D120588>, 'messages': <django.contrib.messages.storage.fallback.FallbackStorage object at 0x0000021666DDFEC8>, 'DEFAULT_MESSAGE_LEVELS': {'DEBUG': 10, 'INFO': 20, 'SUCCESS': 25, 'WARNING': 30, 'ERROR': 40}}, {}, {'df_html': '<table border="1" class="dataframe table table-striped">\n  <thead>\n    <tr style="text-align: right;">\n      <th>age</th>\n      <th>job</th>\n      <th>marital</th>\n      <th>education</th>\n      <th>default</th>\n      <th>housing</th>\n      <th>loan</th>\n      <th>contact</th>\n      <th>month</th>\n      <th>day_of_week</th>\n      <th>duration</th>\n      <th>campaign</th>\n      <th>pdays</th>\n      <th>previous</th>\n      <th>poutcome</th>\n      <th>emp.var.rate</th>\n      <th>cons.price.idx</th>\n      <th>cons.conf.idx</th>\n      <th>euribor3m</th>\n      <th>nr.employed</th>\n      <th>y</th>\n    </tr>\n  </thead>\n  <tbody>\n    <tr>\n      <td>56</td>\n      <td>housemaid</td>\n      <td>married</td>\n      <td>basic.4y</td>\n      <td>no</td>\n      <td>no</td>\n      <td>no</td>\n      <td>telephone</td>\n      <td>may</td>\n      <td>mon</td>\n      <td>261</td>\n      <td>1</td>\n      <td>999</td>\n      <td>0</td>\n      <td>nonexistent</td>\n      <td>1.1</td>\n      <td>93.994</td>\n      <td>-36.4</td>\n      <td>4.857</td>\n      <td>5191.0</td>\n      <td>no</td>\n    </tr>\n    <tr>\n      <td>57</td>\n      <td>services</td>\n      <td>married</td>\n      <td>high.school</td>\n      <td>unknown</td>\n      <td>no</td>\n      <td>no</td>\n      <td>telephone</td>\n      <td>may</td>\n      <td>mon</td>\n      <td>149</td>\n      <td>1</td>\n      <td>999</td>\n      <td>0</td>\n      <td>nonexistent</td>\n      <td>1.1</td>\n      <td>93.994</td>\n      <td>-36.4</td>\n      <td>4.857</td>\n      <td>5191.0</td>\n      <td>no</td>\n    </tr>\n    <tr>\n      <td>37</td>\n      <td>services</td>\n      <td>married</td>\n      <td>high.school</td>\n      <td>no</td>\n      <td>yes</td>\n      <td>no</td>\n      <td>telephone</td>\n      <td>may</td>\n      <td>mon</td>\n      <td>226</td>\n      <td>1</td>\n      <td>999</td>\n      <td>0</td>\n      <td>nonexistent</td>\n      <td>1.1</td>\n      <td>93.994</td>\n      <td>-36.4</td>\n      <td>4.857</td>\n      <td>5191.0</td>\n      <td>no</td>\n    </tr>\n    <tr>\n      <td>40</td>\n      <td>admin.</td>\n      <td>married</td>\n      <td>basic.6y</td>\n      <td>no</td>\n      <td>no</td>\n      <td>no</td>\n      <td>telephone</td>\n      <td>may</td>\n      <td>mon</td>\n      <td>151</td>\n      <td>1</td>\n      <td>999</td>\n      <td>0</td>\n      <td>nonexistent</td>\n      <td>1.1</td>\n      <td>93.994</td>\n      <td>-36.4</td>\n      <td>4.857</td>\n      <td>5191.0</td>\n      <td>no</td>\n    </tr>\n    <tr>\n      <td>56</td>\n      <td>services</td>\n      <td>married</td>\n      <td>high.school</td>\n      <td>no</td>\n      <td>no</td>\n      <td>yes</td>\n      <td>telephone</td>\n      <td>may</td>\n      <td>mon</td>\n      <td>307</td>\n      <td>1</td>\n      <td>999</td>\n      <td>0</td>\n      <td>nonexistent</td>\n      <td>1.1</td>\n      <td>93.994</td>\n      <td>-36.4</td>\n      <td>4.857</td>\n      <td>5191.0</td>\n      <td>no</td>\n    </tr>\n  </tbody>\n</table>', 'df_n_rows': 41188, 'df_n_cols': 21, 'df_cols': ['age', 'job', 'marital', 'education', 'default', 'housing', 'loan', 'contact', 'month', 'day_of_week', 'duration', 'campaign', 'pdays', 'previous', 'poutcome', 'emp.var.rate', 'cons.price.idx', 'cons.conf.idx', 'euribor3m', 'nr.employed', 'y'], 'df_describe_html': '<table border="1" class="dataframe table table-striped">\n  <thead>\n    <tr style="text-align: right;">\n      <th></th>\n      <th>age</th>\n      <th>duration</th>\n      <th>campaign</th>\n      <th>pdays</th>\n      <th>previous</th>\n      <th>emp.var.rate</th>\n      <th>cons.price.idx</th>\n      <th>cons.conf.idx</th>\n      <th>euribor3m</th>\n      <th>nr.employed</th>\n    </tr>\n  </thead>\n  <tbody>\n    <tr>\n      <th>count</th>\n      <td>41188.00000</td>\n      <td>41188.000000</td>\n      <td>41188.000000</td>\n      <td>41188.000000</td>\n      <td>41188.000000</td>\n      <td>41188.000000</td>\n      <td>41188.000000</td>\n      <td>41188.000000</td>\n      <td>41188.000000</td>\n      <td>41188.000000</td>\n    </tr>\n    <tr>\n      <th>mean</th>\n      <td>40.02406</td>\n      <td>258.285010</td>\n      <td>2.567593</td>\n      <td>962.475454</td>\n      <td>0.172963</td>\n      <td>0.081886</td>\n      <td>93.575664</td>\n      <td>-40.502600</td>\n      <td>3.621291</td>\n      <td>5167.035911</td>\n    </tr>\n    <tr>\n      <th>std</th>\n      <td>10.42125</td>\n      <td>259.279249</td>\n      <td>2.770014</td>\n      <td>186.910907</td>\n      <td>0.494901</td>\n      <td>1.570960</td>\n      <td>0.578840</td>\n      <td>4.628198</td>\n      <td>1.734447</td>\n      <td>72.251528</td>\n    </tr>\n    <tr>\n      <th>min</th>\n      <td>17.00000</td>\n      <td>0.000000</td>\n      <td>1.000000</td>\n      <td>0.000000</td>\n      <td>0.000000</td>\n      <td>-3.400000</td>\n      <td>92.201000</td>\n      <td>-50.800000</td>\n      <td>0.634000</td>\n      <td>4963.600000</td>\n    </tr>\n    <tr>\n      <th>25%</th>\n      <td>32.00000</td>\n      <td>102.000000</td>\n      <td>1.000000</td>\n      <td>999.000000</td>\n      <td>0.000000</td>\n      <td>-1.800000</td>\n      <td>93.075000</td>\n      <td>-42.700000</td>\n      <td>1.344000</td>\n      <td>5099.100000</td>\n    </tr>\n    <tr>\n      <th>50%</th>\n      <td>38.00000</td>\n      <td>180.000000</td>\n      <td>2.000000</td>\n      <td>999.000000</td>\n      <td>0.000000</td>\n      <td>1.100000</td>\n      <td>93.749000</td>\n      <td>-41.800000</td>\n      <td>4.857000</td>\n      <td>5191.000000</td>\n    </tr>\n    <tr>\n      <th>75%</th>\n      <td>47.00000</td>\n      <td>319.000000</td>\n      <td>3.000000</td>\n      <td>999.000000</td>\n      <td>0.000000</td>\n      <td>1.400000</td>\n      <td>93.994000</td>\n      <td>-36.400000</td>\n      <td>4.961000</td>\n      <td>5228.100000</td>\n    </tr>\n    <tr>\n      <th>max</th>\n      <td>98.00000</td>\n      <td>4918.000000</td>\n      <td>56.000000</td>\n      <td>999.000000</td>\n      <td>7.000000</td>\n      <td>1.400000</td>\n      <td>94.767000</td>\n      <td>-26.900000</td>\n      <td>5.045000</td>\n      <td>5228.100000</td>\n    </tr>\n  </tbody>\n</table>', 'png_files_path': ['D:\\KS\\Projects\\ml_playground\\media\\2\\graphs\\job.png', 'D:\\KS\\Projects\\ml_playground\\media\\2\\graphs\\marital.png', 'D:\\KS\\Projects\\ml_playground\\media\\2\\graphs\\education.png', 'D:\\KS\\Projects\\ml_playground\\media\\2\\graphs\\default.png', 'D:\\KS\\Projects\\ml_playground\\media\\2\\graphs\\housing.png', 'D:\\KS\\Projects\\ml_playground\\media\\2\\graphs\\loan.png', 'D:\\KS\\Projects\\ml_playground\\media\\2\\graphs\\contact.png', 'D:\\KS\\Projects\\ml_playground\\media\\2\\graphs\\month.png', 'D:\\KS\\Projects\\ml_playground\\media\\2\\graphs\\day_of_week.png', 'D:\\KS\\Projects\\ml_playground\\media\\2\\graphs\\previous.png', 'D:\\KS\\Projects\\ml_playground\\media\\2\\graphs\\poutcome.png', 'D:\\KS\\Projects\\ml_playground\\media\\2\\graphs\\emp.var.rate.png', 'D:\\KS\\Projects\\ml_playground\\media\\2\\graphs\\nr.employed.png', 'D:\\KS\\Projects\\ml_playground\\media\\2\\graphs\\y.png', 'D:\\KS\\Projects\\ml_playground\\media\\2\\graphs\\correlation_123456789.png']}]
"GET /eda/ HTTP/1.1" 200 14948
"GET /media/D:/KS/Projects/ml_playground/media/2/graphs/job.png HTTP/1.1" 200 24246
"GET /media/D:/KS/Projects/ml_playground/media/2/graphs/marital.png HTTP/1.1" 200 18183
"GET /media/D:/KS/Projects/ml_playground/media/2/graphs/default.png HTTP/1.1" 200 17580
"GET /media/D:/KS/Projects/ml_playground/media/2/graphs/education.png HTTP/1.1" 200 24386
"GET /media/D:/KS/Projects/ml_playground/media/2/graphs/loan.png HTTP/1.1" 200 18305
"GET /media/D:/KS/Projects/ml_playground/media/2/graphs/housing.png HTTP/1.1" 200 15140
"GET /media/D:/KS/Projects/ml_playground/media/2/graphs/contact.png HTTP/1.1" 200 16455
"GET /media/D:/KS/Projects/ml_playground/media/2/graphs/month.png HTTP/1.1" 200 19894
"GET /media/D:/KS/Projects/ml_playground/media/2/graphs/day_of_week.png HTTP/1.1" 200 15944
"GET /media/D:/KS/Projects/ml_playground/media/2/graphs/previous.png HTTP/1.1" 200 18744
"GET /media/D:/KS/Projects/ml_playground/media/2/graphs/poutcome.png HTTP/1.1" 200 20533
"GET /media/D:/KS/Projects/ml_playground/media/2/graphs/emp.var.rate.png HTTP/1.1" 200 21072
"GET /media/D:/KS/Projects/ml_playground/media/2/graphs/nr.employed.png HTTP/1.1" 200 24553
"GET /media/D:/KS/Projects/ml_playground/media/2/graphs/y.png HTTP/1.1" 200 16925
"GET /media/D:/KS/Projects/ml_playground/media/2/graphs/correlation_123456789.png HTTP/1.1" 200 112933
